e:\education\kursovia\checkers\checkers\debug\vc141.pdb
e:\education\kursovia\checkers\checkers\debug\vc141.idb
e:\education\kursovia\checkers\checkers\debug\main.obj
e:\education\kursovia\checkers\checkers\debug\board.obj
e:\education\kursovia\checkers\checkers\debug\chess.obj
e:\education\kursovia\checkers\checkers\debug\player.obj
e:\education\kursovia\checkers\checkers\debug\ii.obj
e:\education\kursovia\checkers\checkers\debug\ai.obj
e:\education\kursovia\checkers\checkers\debug\game.obj
e:\education\kursovia\checkers\debug\checkers.exe
e:\education\kursovia\checkers\debug\checkers.ilk
e:\education\kursovia\checkers\debug\checkers.pdb
e:\education\kursovia\checkers\checkers\debug\checkers.res
e:\education\kursovia\checkers\checkers\debug\checkers.tlog\cl.command.1.tlog
e:\education\kursovia\checkers\checkers\debug\checkers.tlog\cl.read.1.tlog
e:\education\kursovia\checkers\checkers\debug\checkers.tlog\cl.write.1.tlog
e:\education\kursovia\checkers\checkers\debug\checkers.tlog\link.command.1.tlog
e:\education\kursovia\checkers\checkers\debug\checkers.tlog\link.read.1.tlog
e:\education\kursovia\checkers\checkers\debug\checkers.tlog\link.write.1.tlog
e:\education\kursovia\checkers\checkers\debug\checkers.tlog\rc.command.1.tlog
e:\education\kursovia\checkers\checkers\debug\checkers.tlog\rc.read.1.tlog
e:\education\kursovia\checkers\checkers\debug\checkers.tlog\rc.write.1.tlog
